This is pdfTeX, Version 3.14159265-2.6-1.40.17 (MiKTeX 2.9.6210 64-bit) (preloaded format=pdflatex 2017.7.27)  14 FEB 2018 01:26
entering extended mode
**./Definitions&Model.tex
(Definitions&Model.tex
LaTeX2e <2017/01/01> patch level 1
Babel <3.9r> and hyphenation patterns for 73 language(s) loaded.
! Undefined control sequence.
l.2 \section
            {Model and Definitions}
? x
 
Here is how much of TeX's memory you used:
 6 strings out of 493362
 137 string characters out of 3139725
 53102 words of memory out of 3000000
 3625 multiletter control sequences out of 15000+200000
 3640 words of font info for 14 fonts, out of 3000000 for 9000
 1127 hyphenation exceptions out of 8191
 5i,0n,1p,60b,8s stack positions out of 5000i,500n,10000p,200000b,50000s
No pages of output.
PDF statistics:
 0 PDF objects out of 1000 (max. 8388607)
 0 named destinations out of 1000 (max. 500000)
 1 words of extra memory for PDF output out of 10000 (max. 10000000)

